[36m2018-04-26 00:43:08 [debug] Find scan page: http://www.macklin.cn/products[0m
[36m2018-04-26 00:43:08 [debug] Find content page: http://www.macklin.cn/products/M812869[0m
[36m2018-04-26 00:43:08 [debug] Find content page: http://www.macklin.cn/products/A823020[0m
2018-04-26 00:43:08 [info] Find pages: 3 
2018-04-26 00:43:08 [info] Waiting for collect pages: 3 
2018-04-26 00:43:08 [info] Collected pages: 0 
[36m2018-04-26 00:43:08 [debug] Success download page http://www.macklin.cn/products in 0.341 s[0m
[36m2018-04-26 00:43:08 [debug] Find list page: http://www.macklin.cn/category/503[0m
[36m2018-04-26 00:43:08 [debug] Find list page: http://www.macklin.cn/category/504[0m
[36m2018-04-26 00:43:08 [debug] Find list page: http://www.macklin.cn/category/505[0m
[36m2018-04-26 00:43:08 [debug] Find list page: http://www.macklin.cn/category/633[0m
[36m2018-04-26 00:43:08 [debug] Find list page: http://www.macklin.cn/category/634[0m
[36m2018-04-26 00:43:08 [debug] Find list page: http://www.macklin.cn/category/635[0m
[36m2018-04-26 00:43:08 [debug] Find list page: http://www.macklin.cn/category/636[0m
[36m2018-04-26 00:43:08 [debug] Find list page: http://www.macklin.cn/category/637[0m
[36m2018-04-26 00:43:08 [debug] Find list page: http://www.macklin.cn/category/638[0m
[36m2018-04-26 00:43:08 [debug] Find list page: http://www.macklin.cn/category/639[0m
[36m2018-04-26 00:43:08 [debug] Find list page: http://www.macklin.cn/category/642[0m
[36m2018-04-26 00:43:08 [debug] Find list page: http://www.macklin.cn/category/641[0m
[36m2018-04-26 00:43:08 [debug] Find list page: http://www.macklin.cn/category/644[0m
[36m2018-04-26 00:43:08 [debug] Find list page: http://www.macklin.cn/category/640[0m
[36m2018-04-26 00:43:08 [debug] Find list page: http://www.macklin.cn/category/205[0m
[36m2018-04-26 00:43:08 [debug] Find list page: http://www.macklin.cn/category/759[0m
[36m2018-04-26 00:43:08 [debug] Find list page: http://www.macklin.cn/category/206[0m
[36m2018-04-26 00:43:08 [debug] Find list page: http://www.macklin.cn/category/207[0m
[36m2018-04-26 00:43:08 [debug] Find list page: http://www.macklin.cn/category/208[0m
[36m2018-04-26 00:43:08 [debug] Find list page: http://www.macklin.cn/category/209[0m
[36m2018-04-26 00:43:08 [debug] Find list page: http://www.macklin.cn/category/210[0m
[36m2018-04-26 00:43:08 [debug] Find list page: http://www.macklin.cn/category/622[0m
[36m2018-04-26 00:43:08 [debug] Find list page: http://www.macklin.cn/category/610[0m
[36m2018-04-26 00:43:08 [debug] Find list page: http://www.macklin.cn/category/211[0m
[36m2018-04-26 00:43:08 [debug] Find list page: http://www.macklin.cn/category/214[0m
[36m2018-04-26 00:43:08 [debug] Find list page: http://www.macklin.cn/category/540[0m
[36m2018-04-26 00:43:08 [debug] Find list page: http://www.macklin.cn/category/508[0m
[36m2018-04-26 00:43:08 [debug] Find list page: http://www.macklin.cn/category/518[0m
[36m2018-04-26 00:43:08 [debug] Find list page: http://www.macklin.cn/category/526[0m
[36m2018-04-26 00:43:08 [debug] Find list page: http://www.macklin.cn/category/621[0m
[36m2018-04-26 00:43:08 [debug] Find list page: http://www.macklin.cn/category/624[0m
[36m2018-04-26 00:43:08 [debug] Find list page: http://www.macklin.cn/category/625[0m
[36m2018-04-26 00:43:08 [debug] Find list page: http://www.macklin.cn/category/626[0m
[36m2018-04-26 00:43:08 [debug] Find list page: http://www.macklin.cn/category/675[0m
[36m2018-04-26 00:43:08 [debug] Find list page: http://www.macklin.cn/category/627[0m
[36m2018-04-26 00:43:08 [debug] Find list page: http://www.macklin.cn/category/628[0m
[36m2018-04-26 00:43:08 [debug] Find list page: http://www.macklin.cn/category/283[0m
[36m2018-04-26 00:43:08 [debug] Find list page: http://www.macklin.cn/category/288[0m
[36m2018-04-26 00:43:08 [debug] Find list page: http://www.macklin.cn/category/738[0m
[36m2018-04-26 00:43:08 [debug] Find list page: http://www.macklin.cn/category/291[0m
[36m2018-04-26 00:43:08 [debug] Find list page: http://www.macklin.cn/category/560[0m
[36m2018-04-26 00:43:08 [debug] Find list page: http://www.macklin.cn/category/292[0m
[36m2018-04-26 00:43:08 [debug] Find list page: http://www.macklin.cn/category/293[0m
[36m2018-04-26 00:43:08 [debug] Find list page: http://www.macklin.cn/category/294[0m
[36m2018-04-26 00:43:08 [debug] Find list page: http://www.macklin.cn/category/298[0m
[36m2018-04-26 00:43:08 [debug] Find list page: http://www.macklin.cn/category/299[0m
[36m2018-04-26 00:43:08 [debug] Find list page: http://www.macklin.cn/category/300[0m
[36m2018-04-26 00:43:08 [debug] Find list page: http://www.macklin.cn/category/301[0m
[36m2018-04-26 00:43:08 [debug] Find list page: http://www.macklin.cn/category/303[0m
[36m2018-04-26 00:43:08 [debug] Find list page: http://www.macklin.cn/category/304[0m
[36m2018-04-26 00:43:08 [debug] Find list page: http://www.macklin.cn/category/305[0m
[36m2018-04-26 00:43:08 [debug] Find list page: http://www.macklin.cn/category/306[0m
[36m2018-04-26 00:43:08 [debug] Find list page: http://www.macklin.cn/category/307[0m
[36m2018-04-26 00:43:08 [debug] Find list page: http://www.macklin.cn/category/308[0m
[36m2018-04-26 00:43:08 [debug] Find list page: http://www.macklin.cn/category/493[0m
[36m2018-04-26 00:43:08 [debug] Find list page: http://www.macklin.cn/category/494[0m
[36m2018-04-26 00:43:08 [debug] Find list page: http://www.macklin.cn/category/613[0m
[36m2018-04-26 00:43:08 [debug] Find list page: http://www.macklin.cn/category/727[0m
[36m2018-04-26 00:43:08 [debug] Find list page: http://www.macklin.cn/category/725[0m
[36m2018-04-26 00:43:08 [debug] Find list page: http://www.macklin.cn/category/309[0m
[36m2018-04-26 00:43:08 [debug] Find list page: http://www.macklin.cn/category/531[0m
[36m2018-04-26 00:43:08 [debug] Find list page: http://www.macklin.cn/category/538[0m
[36m2018-04-26 00:43:08 [debug] Find list page: http://www.macklin.cn/category/539[0m
[36m2018-04-26 00:43:08 [debug] Find list page: http://www.macklin.cn/category/542[0m
[36m2018-04-26 00:43:08 [debug] Find list page: http://www.macklin.cn/category/546[0m
[36m2018-04-26 00:43:08 [debug] Find list page: http://www.macklin.cn/category/344[0m
[36m2018-04-26 00:43:08 [debug] Find list page: http://www.macklin.cn/category/346[0m
[36m2018-04-26 00:43:08 [debug] Find list page: http://www.macklin.cn/category/347[0m
[36m2018-04-26 00:43:08 [debug] Find list page: http://www.macklin.cn/category/351[0m
[36m2018-04-26 00:43:08 [debug] Find list page: http://www.macklin.cn/category/352[0m
[36m2018-04-26 00:43:08 [debug] Find list page: http://www.macklin.cn/category/516[0m
[36m2018-04-26 00:43:08 [debug] Find list page: http://www.macklin.cn/category/521[0m
[36m2018-04-26 00:43:08 [debug] Find list page: http://www.macklin.cn/category/612[0m
[36m2018-04-26 00:43:08 [debug] Find list page: http://www.macklin.cn/category/354[0m
[36m2018-04-26 00:43:08 [debug] Find list page: http://www.macklin.cn/category/614[0m
[36m2018-04-26 00:43:08 [debug] Find list page: http://www.macklin.cn/category/620[0m
[36m2018-04-26 00:43:08 [debug] Find list page: http://www.macklin.cn/category/355[0m
[36m2018-04-26 00:43:08 [debug] Find list page: http://www.macklin.cn/category/356[0m
[36m2018-04-26 00:43:08 [debug] Find list page: http://www.macklin.cn/category/357[0m
[36m2018-04-26 00:43:08 [debug] Find list page: http://www.macklin.cn/category/358[0m
[36m2018-04-26 00:43:08 [debug] Find list page: http://www.macklin.cn/category/359[0m
[36m2018-04-26 00:43:08 [debug] Find list page: http://www.macklin.cn/category/360[0m
[36m2018-04-26 00:43:08 [debug] Find list page: http://www.macklin.cn/category/361[0m
[36m2018-04-26 00:43:08 [debug] Find list page: http://www.macklin.cn/category/362[0m
[36m2018-04-26 00:43:08 [debug] Find list page: http://www.macklin.cn/category/363[0m
[36m2018-04-26 00:43:08 [debug] Find list page: http://www.macklin.cn/category/364[0m
[36m2018-04-26 00:43:08 [debug] Find list page: http://www.macklin.cn/category/365[0m
[36m2018-04-26 00:43:08 [debug] Find list page: http://www.macklin.cn/category/608[0m
[36m2018-04-26 00:43:08 [debug] Find list page: http://www.macklin.cn/category/406[0m
[36m2018-04-26 00:43:08 [debug] Find list page: http://www.macklin.cn/category/561[0m
[36m2018-04-26 00:43:08 [debug] Find list page: http://www.macklin.cn/category/515[0m
[36m2018-04-26 00:43:08 [debug] Find list page: http://www.macklin.cn/category/407[0m
[36m2018-04-26 00:43:08 [debug] Find list page: http://www.macklin.cn/category/410[0m
[36m2018-04-26 00:43:08 [debug] Find list page: http://www.macklin.cn/category/411[0m
[36m2018-04-26 00:43:08 [debug] Find list page: http://www.macklin.cn/category/417[0m
[36m2018-04-26 00:43:08 [debug] Find list page: http://www.macklin.cn/category/418[0m
[36m2018-04-26 00:43:08 [debug] Find list page: http://www.macklin.cn/category/419[0m
[36m2018-04-26 00:43:08 [debug] Find list page: http://www.macklin.cn/category/420[0m
[36m2018-04-26 00:43:08 [debug] Find list page: http://www.macklin.cn/category/676[0m
[36m2018-04-26 00:43:08 [debug] Find list page: http://www.macklin.cn/category/685[0m
[36m2018-04-26 00:43:08 [debug] Find list page: http://www.macklin.cn/category/686[0m
[36m2018-04-26 00:43:08 [debug] Find list page: http://www.macklin.cn/category/687[0m
[36m2018-04-26 00:43:08 [debug] Find list page: http://www.macklin.cn/category/693[0m
[36m2018-04-26 00:43:08 [debug] Find list page: http://www.macklin.cn/category/513[0m
[36m2018-04-26 00:43:08 [debug] Find list page: http://www.macklin.cn/category/514[0m
[36m2018-04-26 00:43:08 [debug] Find list page: http://www.macklin.cn/category/632[0m
[36m2018-04-26 00:43:08 [debug] Find list page: http://www.macklin.cn/category/695[0m
[36m2018-04-26 00:43:08 [debug] Find list page: http://www.macklin.cn/category/696[0m
[36m2018-04-26 00:43:08 [debug] Find list page: http://www.macklin.cn/category/74[0m
[36m2018-04-26 00:43:08 [debug] Find list page: http://www.macklin.cn/category/75[0m
[36m2018-04-26 00:43:08 [debug] Find list page: http://www.macklin.cn/category/568[0m
[36m2018-04-26 00:43:08 [debug] Find list page: http://www.macklin.cn/category/421[0m
[36m2018-04-26 00:43:08 [debug] Find list page: http://www.macklin.cn/category/99[0m
[36m2018-04-26 00:43:08 [debug] Find list page: http://www.macklin.cn/category/617[0m
[36m2018-04-26 00:43:08 [debug] Find list page: http://www.macklin.cn/category/569[0m
[36m2018-04-26 00:43:08 [debug] Find list page: http://www.macklin.cn/category/487[0m
[36m2018-04-26 00:43:08 [debug] Find list page: http://www.macklin.cn/category/490[0m
[36m2018-04-26 00:43:08 [debug] Find list page: http://www.macklin.cn/category/491[0m
[36m2018-04-26 00:43:08 [debug] Find list page: http://www.macklin.cn/category/495[0m
[36m2018-04-26 00:43:08 [debug] Find list page: http://www.macklin.cn/category/618[0m
[36m2018-04-26 00:43:08 [debug] Find list page: http://www.macklin.cn/category/496[0m
[36m2018-04-26 00:43:08 [debug] Find list page: http://www.macklin.cn/category/497[0m
[36m2018-04-26 00:43:08 [debug] Find list page: http://www.macklin.cn/category/500[0m
[36m2018-04-26 00:43:08 [debug] Find list page: http://www.macklin.cn/category/559[0m
[36m2018-04-26 00:43:08 [debug] Find list page: http://www.macklin.cn/category/501[0m
[36m2018-04-26 00:43:08 [debug] Find list page: http://www.macklin.cn/category/502[0m
[36m2018-04-26 00:43:08 [debug] Find list page: http://www.macklin.cn/category/102[0m
[36m2018-04-26 00:43:08 [debug] Find list page: http://www.macklin.cn/category/103[0m
[36m2018-04-26 00:43:08 [debug] Find list page: http://www.macklin.cn/category/104[0m
[36m2018-04-26 00:43:08 [debug] Find list page: http://www.macklin.cn/category/105[0m
[36m2018-04-26 00:43:08 [debug] Find list page: http://www.macklin.cn/category/106[0m
[36m2018-04-26 00:43:08 [debug] Find list page: http://www.macklin.cn/category/107[0m
[36m2018-04-26 00:43:08 [debug] Find list page: http://www.macklin.cn/category/108[0m
[36m2018-04-26 00:43:08 [debug] Find list page: http://www.macklin.cn/category/109[0m
[36m2018-04-26 00:43:08 [debug] Find list page: http://www.macklin.cn/category/110[0m
[36m2018-04-26 00:43:08 [debug] Find list page: http://www.macklin.cn/category/111[0m
[36m2018-04-26 00:43:08 [debug] Find list page: http://www.macklin.cn/category/112[0m
[36m2018-04-26 00:43:08 [debug] Find list page: http://www.macklin.cn/category/113[0m
[36m2018-04-26 00:43:08 [debug] Find list page: http://www.macklin.cn/category/114[0m
[36m2018-04-26 00:43:08 [debug] Find list page: http://www.macklin.cn/category/115[0m
[36m2018-04-26 00:43:08 [debug] Find list page: http://www.macklin.cn/category/116[0m
[36m2018-04-26 00:43:08 [debug] Find list page: http://www.macklin.cn/category/117[0m
[36m2018-04-26 00:43:08 [debug] Find list page: http://www.macklin.cn/category/118[0m
[36m2018-04-26 00:43:08 [debug] Find list page: http://www.macklin.cn/category/715[0m
[36m2018-04-26 00:43:08 [debug] Find list page: http://www.macklin.cn/category/119[0m
[36m2018-04-26 00:43:08 [debug] Find list page: http://www.macklin.cn/category/120[0m
[36m2018-04-26 00:43:08 [debug] Find list page: http://www.macklin.cn/category/121[0m
[36m2018-04-26 00:43:08 [debug] Find list page: http://www.macklin.cn/category/122[0m
[36m2018-04-26 00:43:08 [debug] Find list page: http://www.macklin.cn/category/123[0m
[36m2018-04-26 00:43:08 [debug] Find list page: http://www.macklin.cn/category/124[0m
[36m2018-04-26 00:43:08 [debug] Find list page: http://www.macklin.cn/category/125[0m
[36m2018-04-26 00:43:08 [debug] Find list page: http://www.macklin.cn/category/126[0m
[36m2018-04-26 00:43:08 [debug] Find list page: http://www.macklin.cn/category/127[0m
[36m2018-04-26 00:43:08 [debug] Find list page: http://www.macklin.cn/category/128[0m
[36m2018-04-26 00:43:08 [debug] Find list page: http://www.macklin.cn/category/129[0m
[36m2018-04-26 00:43:08 [debug] Find list page: http://www.macklin.cn/category/130[0m
[36m2018-04-26 00:43:08 [debug] Find list page: http://www.macklin.cn/category/131[0m
[36m2018-04-26 00:43:08 [debug] Find list page: http://www.macklin.cn/category/132[0m
[36m2018-04-26 00:43:08 [debug] Find list page: http://www.macklin.cn/category/133[0m
[36m2018-04-26 00:43:08 [debug] Find list page: http://www.macklin.cn/category/134[0m
[36m2018-04-26 00:43:08 [debug] Find list page: http://www.macklin.cn/category/135[0m
[36m2018-04-26 00:43:08 [debug] Find list page: http://www.macklin.cn/category/136[0m
[36m2018-04-26 00:43:08 [debug] Find list page: http://www.macklin.cn/category/137[0m
[36m2018-04-26 00:43:08 [debug] Find list page: http://www.macklin.cn/category/138[0m
[36m2018-04-26 00:43:08 [debug] Find list page: http://www.macklin.cn/category/139[0m
[36m2018-04-26 00:43:08 [debug] Find list page: http://www.macklin.cn/category/140[0m
[36m2018-04-26 00:43:08 [debug] Find list page: http://www.macklin.cn/category/141[0m
[36m2018-04-26 00:43:08 [debug] Find list page: http://www.macklin.cn/category/142[0m
[36m2018-04-26 00:43:08 [debug] Find list page: http://www.macklin.cn/category/143[0m
[36m2018-04-26 00:43:08 [debug] Find list page: http://www.macklin.cn/category/144[0m
[36m2018-04-26 00:43:08 [debug] Find list page: http://www.macklin.cn/category/145[0m
[36m2018-04-26 00:43:08 [debug] Find list page: http://www.macklin.cn/category/146[0m
[36m2018-04-26 00:43:08 [debug] Find list page: http://www.macklin.cn/category/147[0m
[36m2018-04-26 00:43:08 [debug] Find list page: http://www.macklin.cn/category/148[0m
[36m2018-04-26 00:43:08 [debug] Find list page: http://www.macklin.cn/category/757[0m
[36m2018-04-26 00:43:08 [debug] Find list page: http://www.macklin.cn/category/150[0m
[36m2018-04-26 00:43:08 [debug] Find list page: http://www.macklin.cn/category/151[0m
[36m2018-04-26 00:43:08 [debug] Find list page: http://www.macklin.cn/category/152[0m
[36m2018-04-26 00:43:08 [debug] Find list page: http://www.macklin.cn/category/153[0m
[36m2018-04-26 00:43:08 [debug] Find list page: http://www.macklin.cn/category/154[0m
[36m2018-04-26 00:43:08 [debug] Find list page: http://www.macklin.cn/category/743[0m
[36m2018-04-26 00:43:08 [debug] Find list page: http://www.macklin.cn/category/742[0m
[36m2018-04-26 00:43:08 [debug] Find list page: http://www.macklin.cn/category/744[0m
[36m2018-04-26 00:43:08 [debug] Find list page: http://www.macklin.cn/category/155[0m
[36m2018-04-26 00:43:08 [debug] Find list page: http://www.macklin.cn/category/157[0m
[36m2018-04-26 00:43:08 [debug] Find list page: http://www.macklin.cn/category/158[0m
[36m2018-04-26 00:43:08 [debug] Find list page: http://www.macklin.cn/category/159[0m
[36m2018-04-26 00:43:08 [debug] Find list page: http://www.macklin.cn/category/162[0m
[36m2018-04-26 00:43:08 [debug] Find list page: http://www.macklin.cn/category/163[0m
[36m2018-04-26 00:43:08 [debug] Find list page: http://www.macklin.cn/category/164[0m
[36m2018-04-26 00:43:08 [debug] Find list page: http://www.macklin.cn/category/165[0m
[36m2018-04-26 00:43:08 [debug] Find list page: http://www.macklin.cn/category/166[0m
[36m2018-04-26 00:43:08 [debug] Find list page: http://www.macklin.cn/category/169[0m
[36m2018-04-26 00:43:08 [debug] Find list page: http://www.macklin.cn/category/567[0m
[36m2018-04-26 00:43:08 [debug] Find list page: http://www.macklin.cn/category/170[0m
[36m2018-04-26 00:43:08 [debug] Find list page: http://www.macklin.cn/category/171[0m
[36m2018-04-26 00:43:08 [debug] Find list page: http://www.macklin.cn/category/172[0m
[36m2018-04-26 00:43:08 [debug] Find list page: http://www.macklin.cn/category/173[0m
[36m2018-04-26 00:43:08 [debug] Find list page: http://www.macklin.cn/category/175[0m
[36m2018-04-26 00:43:08 [debug] Find list page: http://www.macklin.cn/category/176[0m
[36m2018-04-26 00:43:08 [debug] Find list page: http://www.macklin.cn/category/177[0m
[36m2018-04-26 00:43:08 [debug] Find list page: http://www.macklin.cn/category/178[0m
[36m2018-04-26 00:43:08 [debug] Find list page: http://www.macklin.cn/category/179[0m
[36m2018-04-26 00:43:08 [debug] Find list page: http://www.macklin.cn/category/180[0m
[36m2018-04-26 00:43:08 [debug] Find list page: http://www.macklin.cn/category/181[0m
[36m2018-04-26 00:43:08 [debug] Find list page: http://www.macklin.cn/category/709[0m
[36m2018-04-26 00:43:08 [debug] Find list page: http://www.macklin.cn/category/556[0m
[36m2018-04-26 00:43:08 [debug] Find list page: http://www.macklin.cn/category/511[0m
[36m2018-04-26 00:43:08 [debug] Find list page: http://www.macklin.cn/category/512[0m
[36m2018-04-26 00:43:08 [debug] Find list page: http://www.macklin.cn/category/748[0m
[36m2018-04-26 00:43:08 [debug] Find list page: http://www.macklin.cn/category/182[0m
[36m2018-04-26 00:43:08 [debug] Find list page: http://www.macklin.cn/category/183[0m
[36m2018-04-26 00:43:08 [debug] Find list page: http://www.macklin.cn/category/184[0m
[36m2018-04-26 00:43:08 [debug] Find list page: http://www.macklin.cn/category/185[0m
[36m2018-04-26 00:43:08 [debug] Find list page: http://www.macklin.cn/category/186[0m
[36m2018-04-26 00:43:08 [debug] Find list page: http://www.macklin.cn/category/187[0m
[36m2018-04-26 00:43:08 [debug] Find list page: http://www.macklin.cn/category/188[0m
[36m2018-04-26 00:43:08 [debug] Find list page: http://www.macklin.cn/category/189[0m
[36m2018-04-26 00:43:08 [debug] Find list page: http://www.macklin.cn/category/510[0m
[36m2018-04-26 00:43:08 [debug] Find list page: http://www.macklin.cn/category/190[0m
[36m2018-04-26 00:43:08 [debug] Find list page: http://www.macklin.cn/category/191[0m
[36m2018-04-26 00:43:08 [debug] Find list page: http://www.macklin.cn/category/192[0m
[36m2018-04-26 00:43:08 [debug] Find list page: http://www.macklin.cn/category/193[0m
[36m2018-04-26 00:43:08 [debug] Find list page: http://www.macklin.cn/category/194[0m
[36m2018-04-26 00:43:08 [debug] Find list page: http://www.macklin.cn/category/196[0m
[36m2018-04-26 00:43:08 [debug] Find list page: http://www.macklin.cn/category/197[0m
[36m2018-04-26 00:43:08 [debug] Find list page: http://www.macklin.cn/category/198[0m
[36m2018-04-26 00:43:08 [debug] Find list page: http://www.macklin.cn/category/199[0m
[36m2018-04-26 00:43:08 [debug] Find list page: http://www.macklin.cn/category/200[0m
[36m2018-04-26 00:43:08 [debug] Find list page: http://www.macklin.cn/category/201[0m
[36m2018-04-26 00:43:08 [debug] Find list page: http://www.macklin.cn/category/740[0m
[36m2018-04-26 00:43:08 [debug] Find list page: http://www.macklin.cn/category/741[0m
[36m2018-04-26 00:43:08 [debug] Find list page: http://www.macklin.cn/category/202[0m
[36m2018-04-26 00:43:08 [debug] Find list page: http://www.macklin.cn/category/203[0m
[36m2018-04-26 00:43:08 [debug] Find list page: http://www.macklin.cn/category/677[0m
[36m2018-04-26 00:43:08 [debug] Find list page: http://www.macklin.cn/category/678[0m
[36m2018-04-26 00:43:08 [debug] Find list page: http://www.macklin.cn/category/669[0m
[36m2018-04-26 00:43:08 [debug] Success process page http://www.macklin.cn/products in 0.382 s[0m
2018-04-26 00:43:08 [info] Spider running in 0d 0h 0m 0s
2018-04-26 00:43:08 [info] Find pages: 240 
2018-04-26 00:43:08 [info] Waiting for collect pages: 239 
2018-04-26 00:43:08 [info] Collected pages: 1 
[36m2018-04-26 00:43:09 [debug] Success download page http://www.macklin.cn/products/M812869 in 0.501 s[0m
[36m2018-04-26 00:43:09 [debug] Find list page: http://www.macklin.cn/category/204[0m
[36m2018-04-26 00:43:09 [debug] Find content page: http://www.macklin.cn/products/A800841[0m
[36m2018-04-26 00:43:09 [debug] Find content page: http://www.macklin.cn/products/B801831[0m
[36m2018-04-26 00:43:09 [debug] Find content page: http://www.macklin.cn/products/B801884[0m
[36m2018-04-26 00:43:09 [debug] Find content page: http://www.macklin.cn/products/B801885[0m
[36m2018-04-26 00:43:09 [debug] Find content page: http://www.macklin.cn/products/B801912[0m
2018-04-26 00:43:09 [info] Result[1]: {"å•†å“åç§°":"M812869 1-(4-å”ä¸åŸºè‹¯åŸº)-3-(4-ç”²æ°§åŸºè‹¯åŸº)-1,3-ä¸™äºŒé…®, &gt;98.0%(T)","å•†å“åˆ«ç§°":"1-(4-å”ä¸åŸºè‹¯åŸº)-3-(4-ç”²æ°§åŸºè‹¯åŸº)-1,3-ä¸™äºŒé…®\nä¸åŸºç”²æ°§åŸºäºŒè‹„é…°åŒ–ç”²çƒ·\n4-å”ä¸åŸº-4'-ç”²æ°§åŸºäºŒè‹¯é…°ç”²çƒ·\nå·´æ¾ 1789\né˜²æ™’å‰‚BMDM(UV-A)\né˜¿ä¼è‹¯å®—Â ","CASå·ç ":"70356-09-1","åˆ†å­å¼":"C<sub>20<\/sub>H<sub>22<\/sub>O<sub>3<\/sub>Â ","å•†å“çƒ­ç‚¹":"Â 1-(4-Methoxyphenyl)-3-(4-<i>tert<\/i>-butylphenyl)-1,3-propanedione","æˆæœ¬ä»·":" ","è§„æ ¼å€¼":"&gt;98.0%(T) | &gt;98.0%(T)","å•†å“ä»·æ ¼":"87.00 | 210.00","å¸‚åœºä»·":"87.00 | 210.00","å•†å“åº“å­˜":"ç°è´§ | ç°è´§","å•†å“è´§å·":"Â M812869-25g | Â M812869-100g","å“ç‰Œå":" ","å•†å“æè¿°":"&#13;\n              <table class=\"productOverViewInfo\" cellspacing=\"5\" cellpadding=\"0\" width=\"99%\"><tr style=\"BACKGROUND-COLOR: #fff\"><th width=\"100\">ç†”ç‚¹:<\/th>&#13;\n                    <td>81-84 Â°C<\/td>&#13;\n                <\/tr><tr style=\"BACKGROUND-COLOR: #fff\" id=\"itmdet-baseCnt-formula\"><th width=\"100\">å¯†åº¦:<\/th>&#13;\n                    <td>1.079<\/td>&#13;\n                <\/tr><tr style=\"BACKGROUND-COLOR: #fff\"><th width=\"100\">å‚¨å­˜æ¡ä»¶:<\/th>&#13;\n                    <td>å®¤æ¸©,å¯†å°<\/td>&#13;\n                <\/tr><\/table>"}
[36m2018-04-26 00:43:09 [debug] Success process page http://www.macklin.cn/products/M812869 in 0.551 s[0m
2018-04-26 00:43:09 [info] Spider running in 0d 0h 0m 1s
2018-04-26 00:43:09 [info] Find pages: 246 
2018-04-26 00:43:09 [info] Waiting for collect pages: 244 
2018-04-26 00:43:09 [info] Collected pages: 2 
[36m2018-04-26 00:43:09 [debug] Success download page http://www.macklin.cn/products/A823020 in 0.545 s[0m
2018-04-26 00:43:09 [info] Result[2]: {"å•†å“åç§°":"A823020 è‹Šçƒ¯, 99%","å•†å“åˆ«ç§°":"è‹Šçƒ¯ ;è˜å¹¶ä¹™çƒ¯,è˜åµŒæˆŠçƒ¯, 1,8-äºšä¹™åŸºè˜Â ","CASå·ç ":"208-96-8","åˆ†å­å¼":"C<sub>12<\/sub>H<sub>8<\/sub>Â ","å•†å“çƒ­ç‚¹":"Â Acenaphthylene","æˆæœ¬ä»·":" ","è§„æ ¼å€¼":"99% | 99%","å•†å“ä»·æ ¼":"528.00 | 1,262.00","å¸‚åœºä»·":"528.00 | 1,262.00","å•†å“åº“å­˜":"é¢„è®¡äº¤æœŸï¼š5~7ä¸ªå·¥ä½œæ—¥ | ç°è´§","å•†å“è´§å·":"Â A823020-5g | Â A823020-25g","å“ç‰Œå":" ","å•†å“æè¿°":"&#13;\n              <table class=\"productOverViewInfo\" cellspacing=\"5\" cellpadding=\"0\" width=\"99%\"><tr style=\"BACKGROUND-COLOR: #fff\"><th width=\"100\">ç†”ç‚¹:<\/th>&#13;\n                    <td>78-82 Â°C(lit.)<\/td>&#13;\n                <\/tr><tr style=\"BACKGROUND-COLOR: #fff\"><th width=\"100\">æ²¸ç‚¹:<\/th>&#13;\n                    <td>280 Â°C(lit.)<\/td>&#13;\n                <\/tr><tr style=\"BACKGROUND-COLOR: #fff\" id=\"itmdet-baseCnt-formula\"><th width=\"100\">å¯†åº¦:<\/th>&#13;\n                    <td>0.899 g\/mL at 25 Â°C(lit.)<\/td>&#13;\n                <\/tr><tr style=\"BACKGROUND-COLOR: #fff\"><th width=\"100\">é—ªç‚¹:<\/th>&#13;\n                    <td>122Â°C<\/td>&#13;\n                <\/tr><tr style=\"BACKGROUND-COLOR: #fff\"><th width=\"100\">å‚¨å­˜æ¡ä»¶:<\/th>&#13;\n                    <td>å®¤æ¸©<\/td>&#13;\n                <\/tr><\/table>"}
[36m2018-04-26 00:43:09 [debug] Success process page http://www.macklin.cn/products/A823020 in 0.593 s[0m
2018-04-26 00:43:09 [info] Spider running in 0d 0h 0m 1s
2018-04-26 00:43:09 [info] Find pages: 246 
2018-04-26 00:43:09 [info] Waiting for collect pages: 243 
2018-04-26 00:43:09 [info] Collected pages: 3 
[36m2018-04-26 00:43:10 [debug] Success download page http://www.macklin.cn/category/503 in 0.367 s[0m
[36m2018-04-26 00:43:10 [debug] Find list page: http://www.macklin.cn/category/503/2[0m
[36m2018-04-26 00:43:10 [debug] Find list page: http://www.macklin.cn/category/503/3[0m
[36m2018-04-26 00:43:10 [debug] Find list page: http://www.macklin.cn/category/503/11[0m
[36m2018-04-26 00:43:10 [debug] Find content page: http://www.macklin.cn/products/T818796[0m
[36m2018-04-26 00:43:10 [debug] Find content page: http://www.macklin.cn/products/T819489[0m
[36m2018-04-26 00:43:10 [debug] Find content page: http://www.macklin.cn/products/T819490[0m
[36m2018-04-26 00:43:10 [debug] Find content page: http://www.macklin.cn/products/P815381[0m
[36m2018-04-26 00:43:10 [debug] Find content page: http://www.macklin.cn/products/D807480[0m
[36m2018-04-26 00:43:10 [debug] Find content page: http://www.macklin.cn/products/P815792[0m
[36m2018-04-26 00:43:10 [debug] Find content page: http://www.macklin.cn/products/B806387[0m
[36m2018-04-26 00:43:10 [debug] Find content page: http://www.macklin.cn/products/H822807[0m
[36m2018-04-26 00:43:10 [debug] Find content page: http://www.macklin.cn/products/C823807[0m
[36m2018-04-26 00:43:10 [debug] Find content page: http://www.macklin.cn/products/A801411[0m
[36m2018-04-26 00:43:10 [debug] Find content page: http://www.macklin.cn/products/D807103[0m
[36m2018-04-26 00:43:10 [debug] Find content page: http://www.macklin.cn/products/D823809[0m
[36m2018-04-26 00:43:10 [debug] Find content page: http://www.macklin.cn/products/C835755[0m
[36m2018-04-26 00:43:10 [debug] Find content page: http://www.macklin.cn/products/C823012[0m
[36m2018-04-26 00:43:10 [debug] Find content page: http://www.macklin.cn/products/R828525[0m
[36m2018-04-26 00:43:10 [debug] Find content page: http://www.macklin.cn/products/R828520[0m
[36m2018-04-26 00:43:10 [debug] Find content page: http://www.macklin.cn/products/B833340[0m
[36m2018-04-26 00:43:10 [debug] Find content page: http://www.macklin.cn/products/F824224[0m
[36m2018-04-26 00:43:10 [debug] Find content page: http://www.macklin.cn/products/P823813[0m
[36m2018-04-26 00:43:10 [debug] Find content page: http://www.macklin.cn/products/R835622[0m
[36m2018-04-26 00:43:10 [debug] Success process page http://www.macklin.cn/category/503 in 0.409 s[0m
2018-04-26 00:43:10 [info] Spider running in 0d 0h 0m 2s
2018-04-26 00:43:10 [info] Find pages: 269 
2018-04-26 00:43:10 [info] Waiting for collect pages: 265 
2018-04-26 00:43:10 [info] Collected pages: 4 
[36m2018-04-26 00:43:10 [debug] Success download page http://www.macklin.cn/category/504 in 0.34 s[0m
[36m2018-04-26 00:43:10 [debug] Find list page: http://www.macklin.cn/category/504/2[0m
[36m2018-04-26 00:43:10 [debug] Find list page: http://www.macklin.cn/category/504/3[0m
[36m2018-04-26 00:43:10 [debug] Find list page: http://www.macklin.cn/category/504/8[0m
[36m2018-04-26 00:43:10 [debug] Find content page: http://www.macklin.cn/products/R832051[0m
[36m2018-04-26 00:43:10 [debug] Find content page: http://www.macklin.cn/products/S823379[0m
[36m2018-04-26 00:43:10 [debug] Find content page: http://www.macklin.cn/products/C805769[0m
[36m2018-04-26 00:43:10 [debug] Find content page: http://www.macklin.cn/products/H823812[0m
[36m2018-04-26 00:43:10 [debug] Find content page: http://www.macklin.cn/products/P823803[0m
[36m2018-04-26 00:43:10 [debug] Success process page http://www.macklin.cn/category/504 in 0.379 s[0m
2018-04-26 00:43:10 [info] Spider running in 0d 0h 0m 2s
2018-04-26 00:43:10 [info] Find pages: 277 
2018-04-26 00:43:10 [info] Waiting for collect pages: 272 
2018-04-26 00:43:10 [info] Collected pages: 5 
[36m2018-04-26 00:43:11 [debug] Success download page http://www.macklin.cn/category/505 in 0.344 s[0m
[36m2018-04-26 00:43:11 [debug] Find list page: http://www.macklin.cn/category/505/2[0m
[36m2018-04-26 00:43:11 [debug] Find content page: http://www.macklin.cn/products/B802596[0m
[36m2018-04-26 00:43:11 [debug] Find content page: http://www.macklin.cn/products/E809320[0m
[36m2018-04-26 00:43:11 [debug] Find content page: http://www.macklin.cn/products/B802775[0m
[36m2018-04-26 00:43:11 [debug] Find content page: http://www.macklin.cn/products/B802653[0m
[36m2018-04-26 00:43:11 [debug] Find content page: http://www.macklin.cn/products/B822523[0m
[36m2018-04-26 00:43:11 [debug] Find content page: http://www.macklin.cn/products/B802553[0m
[36m2018-04-26 00:43:11 [debug] Find content page: http://www.macklin.cn/products/O815161[0m
[36m2018-04-26 00:43:11 [debug] Find content page: http://www.macklin.cn/products/H811524[0m
[36m2018-04-26 00:43:11 [debug] Find content page: http://www.macklin.cn/products/S817662[0m
[36m2018-04-26 00:43:11 [debug] Find content page: http://www.macklin.cn/products/S817663[0m
[36m2018-04-26 00:43:11 [debug] Find content page: http://www.macklin.cn/products/H810935[0m
[36m2018-04-26 00:43:11 [debug] Find content page: http://www.macklin.cn/products/E809048[0m
[36m2018-04-26 00:43:11 [debug] Find content page: http://www.macklin.cn/products/B802299[0m
[36m2018-04-26 00:43:11 [debug] Find content page: http://www.macklin.cn/products/T818763[0m
[36m2018-04-26 00:43:11 [debug] Find content page: http://www.macklin.cn/products/T828230[0m
[36m2018-04-26 00:43:11 [debug] Find content page: http://www.macklin.cn/products/B802298[0m
[36m2018-04-26 00:43:11 [debug] Find content page: http://www.macklin.cn/products/D807489[0m
[36m2018-04-26 00:43:11 [debug] Success process page http://www.macklin.cn/category/505 in 0.386 s[0m
2018-04-26 00:43:11 [info] Spider running in 0d 0h 0m 3s
2018-04-26 00:43:11 [info] Find pages: 295 
2018-04-26 00:43:11 [info] Waiting for collect pages: 289 
2018-04-26 00:43:11 [info] Collected pages: 6 
[36m2018-04-26 00:43:11 [debug] Success download page http://www.macklin.cn/category/633 in 0.351 s[0m
[36m2018-04-26 00:43:11 [debug] Find list page: http://www.macklin.cn/category/633/2[0m
[36m2018-04-26 00:43:11 [debug] Find list page: http://www.macklin.cn/category/633/3[0m
[36m2018-04-26 00:43:11 [debug] Find list page: http://www.macklin.cn/category/633/50[0m
[36m2018-04-26 00:43:11 [debug] Find content page: http://www.macklin.cn/products/P815712[0m
[36m2018-04-26 00:43:11 [debug] Find content page: http://www.macklin.cn/products/T818958[0m
[36m2018-04-26 00:43:11 [debug] Find content page: http://www.macklin.cn/products/B807242[0m
[36m2018-04-26 00:43:11 [debug] Find content page: http://www.macklin.cn/products/T818818[0m
[36m2018-04-26 00:43:11 [debug] Find content page: http://www.macklin.cn/products/A800842[0m
[36m2018-04-26 00:43:11 [debug] Find content page: http://www.macklin.cn/products/D807586[0m
[36m2018-04-26 00:43:11 [debug] Find content page: http://www.macklin.cn/products/T828404[0m
[36m2018-04-26 00:43:11 [debug] Find content page: http://www.macklin.cn/products/R801280[0m
[36m2018-04-26 00:43:11 [debug] Find content page: http://www.macklin.cn/products/D853276[0m
[36m2018-04-26 00:43:11 [debug] Find content page: http://www.macklin.cn/products/S818426[0m
[36m2018-04-26 00:43:11 [debug] Find content page: http://www.macklin.cn/products/S813769[0m
[36m2018-04-26 00:43:11 [debug] Find content page: http://www.macklin.cn/products/D853467[0m
[36m2018-04-26 00:43:11 [debug] Find content page: http://www.macklin.cn/products/D853526[0m
[36m2018-04-26 00:43:11 [debug] Find content page: http://www.macklin.cn/products/D823683[0m
[36m2018-04-26 00:43:11 [debug] Find content page: http://www.macklin.cn/products/D823681[0m
[36m2018-04-26 00:43:11 [debug] Find content page: http://www.macklin.cn/products/D823682[0m
[36m2018-04-26 00:43:11 [debug] Find content page: http://www.macklin.cn/products/D853050[0m
[36m2018-04-26 00:43:11 [debug] Find content page: http://www.macklin.cn/products/D853448[0m
[36m2018-04-26 00:43:11 [debug] Find content page: http://www.macklin.cn/products/R803598[0m
[36m2018-04-26 00:43:11 [debug] Find content page: http://www.macklin.cn/products/D853203[0m
[36m2018-04-26 00:43:11 [debug] Success process page http://www.macklin.cn/category/633 in 0.394 s[0m
2018-04-26 00:43:11 [info] Spider running in 0d 0h 0m 3s
2018-04-26 00:43:11 [info] Find pages: 318 
2018-04-26 00:43:11 [info] Waiting for collect pages: 311 
2018-04-26 00:43:11 [info] Collected pages: 7 
[36m2018-04-26 00:43:11 [debug] Success download page http://www.macklin.cn/category/634 in 0.374 s[0m
[36m2018-04-26 00:43:11 [debug] Find list page: http://www.macklin.cn/category/634/2[0m
[36m2018-04-26 00:43:11 [debug] Find list page: http://www.macklin.cn/category/634/3[0m
[36m2018-04-26 00:43:11 [debug] Find list page: http://www.macklin.cn/category/634/8[0m
[36m2018-04-26 00:43:11 [debug] Find content page: http://www.macklin.cn/products/S803601[0m
[36m2018-04-26 00:43:11 [debug] Find content page: http://www.macklin.cn/products/R817328[0m
[36m2018-04-26 00:43:11 [debug] Find content page: http://www.macklin.cn/products/B822229[0m
[36m2018-04-26 00:43:11 [debug] Find content page: http://www.macklin.cn/products/R803604[0m
[36m2018-04-26 00:43:11 [debug] Find content page: http://www.macklin.cn/products/S803605[0m
[36m2018-04-26 00:43:11 [debug] Find content page: http://www.macklin.cn/products/S803602[0m
[36m2018-04-26 00:43:11 [debug] Find content page: http://www.macklin.cn/products/O815299[0m
[36m2018-04-26 00:43:11 [debug] Find content page: http://www.macklin.cn/products/O815300[0m
[36m2018-04-26 00:43:11 [debug] Find content page: http://www.macklin.cn/products/R822263[0m
[36m2018-04-26 00:43:11 [debug] Find content page: http://www.macklin.cn/products/R822226[0m
[36m2018-04-26 00:43:11 [debug] Find content page: http://www.macklin.cn/products/S822232[0m
[36m2018-04-26 00:43:11 [debug] Find content page: http://www.macklin.cn/products/S822262[0m
[36m2018-04-26 00:43:11 [debug] Find content page: http://www.macklin.cn/products/S822224[0m
[36m2018-04-26 00:43:11 [debug] Find content page: http://www.macklin.cn/products/S818240[0m
[36m2018-04-26 00:43:11 [debug] Find content page: http://www.macklin.cn/products/D853033[0m
[36m2018-04-26 00:43:11 [debug] Find content page: http://www.macklin.cn/products/R802402[0m
[36m2018-04-26 00:43:11 [debug] Success process page http://www.macklin.cn/category/634 in 0.418 s[0m
2018-04-26 00:43:11 [info] Spider running in 0d 0h 0m 3s
2018-04-26 00:43:11 [info] Find pages: 337 
2018-04-26 00:43:11 [info] Waiting for collect pages: 329 
2018-04-26 00:43:11 [info] Collected pages: 8 
[36m2018-04-26 00:43:12 [debug] Success download page http://www.macklin.cn/category/635 in 0.26 s[0m
[36m2018-04-26 00:43:12 [debug] Find content page: http://www.macklin.cn/products/R823293[0m
[36m2018-04-26 00:43:12 [debug] Find content page: http://www.macklin.cn/products/R828470[0m
[36m2018-04-26 00:43:12 [debug] Find content page: http://www.macklin.cn/products/N823696[0m
[36m2018-04-26 00:43:12 [debug] Find content page: http://www.macklin.cn/products/N823693[0m
[36m2018-04-26 00:43:12 [debug] Find content page: http://www.macklin.cn/products/N823692[0m
[36m2018-04-26 00:43:12 [debug] Find content page: http://www.macklin.cn/products/N823698[0m
[36m2018-04-26 00:43:12 [debug] Find content page: http://www.macklin.cn/products/N823694[0m
[36m2018-04-26 00:43:12 [debug] Success process page http://www.macklin.cn/category/635 in 0.298 s[0m
2018-04-26 00:43:12 [info] Spider running in 0d 0h 0m 4s
2018-04-26 00:43:12 [info] Find pages: 344 
2018-04-26 00:43:12 [info] Waiting for collect pages: 335 
2018-04-26 00:43:12 [info] Collected pages: 9 
[36m2018-04-26 00:43:12 [debug] Success download page http://www.macklin.cn/category/636 in 0.344 s[0m
[36m2018-04-26 00:43:12 [debug] Find list page: http://www.macklin.cn/category/636/2[0m
[36m2018-04-26 00:43:12 [debug] Find content page: http://www.macklin.cn/products/D853040[0m
[36m2018-04-26 00:43:12 [debug] Find content page: http://www.macklin.cn/products/M848913[0m
[36m2018-04-26 00:43:12 [debug] Find content page: http://www.macklin.cn/products/F844432[0m
[36m2018-04-26 00:43:12 [debug] Find content page: http://www.macklin.cn/products/P823776[0m
[36m2018-04-26 00:43:12 [debug] Find content page: http://www.macklin.cn/products/D823769[0m
[36m2018-04-26 00:43:12 [debug] Find content page: http://www.macklin.cn/products/D823770[0m
[36m2018-04-26 00:43:12 [debug] Find content page: http://www.macklin.cn/products/B803097[0m
[36m2018-04-26 00:43:12 [debug] Find content page: http://www.macklin.cn/products/B803094[0m
[36m2018-04-26 00:43:12 [debug] Find content page: http://www.macklin.cn/products/B803091[0m
[36m2018-04-26 00:43:12 [debug] Find content page: http://www.macklin.cn/products/D823768[0m
[36m2018-04-26 00:43:12 [debug] Find content page: http://www.macklin.cn/products/D823771[0m
[36m2018-04-26 00:43:12 [debug] Find content page: http://www.macklin.cn/products/D823772[0m
[36m2018-04-26 00:43:12 [debug] Find content page: http://www.macklin.cn/products/D823773[0m
[36m2018-04-26 00:43:12 [debug] Find content page: http://www.macklin.cn/products/B823767[0m
[36m2018-04-26 00:43:12 [debug] Find content page: http://www.macklin.cn/products/B823766[0m
[36m2018-04-26 00:43:12 [debug] Find content page: http://www.macklin.cn/products/D823774[0m
[36m2018-04-26 00:43:12 [debug] Find content page: http://www.macklin.cn/products/D833646[0m
[36m2018-04-26 00:43:12 [debug] Find content page: http://www.macklin.cn/products/D853038[0m
[36m2018-04-26 00:43:12 [debug] Find content page: http://www.macklin.cn/products/D853036[0m
[36m2018-04-26 00:43:12 [debug] Find content page: http://www.macklin.cn/products/D853044[0m
[36m2018-04-26 00:43:12 [debug] Success process page http://www.macklin.cn/category/636 in 0.383 s[0m
2018-04-26 00:43:12 [info] Spider running in 0d 0h 0m 4s
2018-04-26 00:43:12 [info] Find pages: 365 
2018-04-26 00:43:12 [info] Waiting for collect pages: 355 
2018-04-26 00:43:12 [info] Collected pages: 10 
